<?xml version="1.0" encoding="UTF-8"?>
<coverage generated="1539946956038" clover="3.2.0">
  <project timestamp="1539946956039" name="All files">
    <metrics statements="196" coveredstatements="102" conditionals="76" coveredconditionals="42" methods="90" coveredmethods="46" elements="362" coveredelements="190" complexity="0" loc="196" ncloc="196" packages="2" files="11" classes="11">
      <package name="pimm">
        <metrics statements="193" coveredstatements="99" conditionals="76" coveredconditionals="42" methods="90" coveredmethods="46"/>
        <file name="App.js" path="C:\webdev\it2810proj3\p3\pimm\App.js">
          <metrics statements="17" coveredstatements="13" conditionals="14" coveredconditionals="13" methods="8" coveredmethods="5"/>
          <line num="9" count="1" type="stmt"/>
          <line num="15" count="1" type="stmt"/>
          <line num="18" count="2" type="stmt"/>
          <line num="21" count="0" type="stmt"/>
          <line num="24" count="0" type="stmt"/>
          <line num="28" count="2" type="stmt"/>
          <line num="32" count="6" type="cond" truecount="2" falsecount="0"/>
          <line num="33" count="4" type="stmt"/>
          <line num="34" count="2" type="cond" truecount="2" falsecount="0"/>
          <line num="35" count="1" type="stmt"/>
          <line num="36" count="1" type="cond" truecount="1" falsecount="1"/>
          <line num="37" count="1" type="stmt"/>
          <line num="40" count="6" type="stmt"/>
          <line num="42" count="6" type="stmt"/>
          <line num="51" count="0" type="stmt"/>
          <line num="67" count="0" type="stmt"/>
          <line num="84" count="1" type="stmt"/>
        </file>
        <file name="EditTaskScreen.js" path="C:\webdev\it2810proj3\p3\pimm\EditTaskScreen.js">
          <metrics statements="38" coveredstatements="14" conditionals="7" coveredconditionals="0" methods="16" coveredmethods="5"/>
          <line num="14" count="2" type="stmt"/>
          <line num="15" count="2" type="stmt"/>
          <line num="16" count="2" type="stmt"/>
          <line num="17" count="2" type="stmt"/>
          <line num="18" count="2" type="stmt"/>
          <line num="19" count="2" type="stmt"/>
          <line num="23" count="2" type="stmt"/>
          <line num="24" count="2" type="stmt"/>
          <line num="25" count="2" type="stmt"/>
          <line num="26" count="2" type="stmt"/>
          <line num="27" count="0" type="stmt"/>
          <line num="28" count="0" type="stmt"/>
          <line num="29" count="0" type="stmt"/>
          <line num="33" count="0" type="stmt"/>
          <line num="38" count="0" type="stmt"/>
          <line num="39" count="0" type="stmt"/>
          <line num="43" count="2" type="stmt"/>
          <line num="48" count="2" type="stmt"/>
          <line num="63" count="0" type="stmt"/>
          <line num="93" count="1" type="stmt"/>
          <line num="96" count="0" type="cond" truecount="0" falsecount="3"/>
          <line num="101" count="0" type="stmt"/>
          <line num="102" count="0" type="stmt"/>
          <line num="104" count="0" type="stmt"/>
          <line num="107" count="0" type="cond" truecount="0" falsecount="2"/>
          <line num="108" count="0" type="stmt"/>
          <line num="110" count="0" type="stmt"/>
          <line num="111" count="0" type="stmt"/>
          <line num="113" count="0" type="cond" truecount="0" falsecount="2"/>
          <line num="114" count="0" type="stmt"/>
          <line num="120" count="0" type="stmt"/>
          <line num="126" count="0" type="stmt"/>
          <line num="127" count="0" type="stmt"/>
          <line num="130" count="0" type="stmt"/>
          <line num="131" count="0" type="stmt"/>
          <line num="135" count="0" type="stmt"/>
          <line num="136" count="0" type="stmt"/>
          <line num="142" count="2" type="stmt"/>
        </file>
        <file name="HomeScreen.js" path="C:\webdev\it2810proj3\p3\pimm\HomeScreen.js">
          <metrics statements="14" coveredstatements="12" conditionals="14" coveredconditionals="13" methods="6" coveredmethods="4"/>
          <line num="9" count="5" type="stmt"/>
          <line num="10" count="5" type="stmt"/>
          <line num="19" count="0" type="stmt"/>
          <line num="24" count="8" type="cond" truecount="2" falsecount="0"/>
          <line num="25" count="7" type="stmt"/>
          <line num="26" count="1" type="cond" truecount="1" falsecount="1"/>
          <line num="27" count="1" type="stmt"/>
          <line num="31" count="8" type="cond" truecount="2" falsecount="0"/>
          <line num="32" count="7" type="stmt"/>
          <line num="44" count="8" type="stmt"/>
          <line num="96" count="1" type="stmt"/>
          <line num="99" count="1" type="stmt"/>
          <line num="102" count="0" type="stmt"/>
          <line num="106" count="4" type="stmt"/>
        </file>
        <file name="MockStorage.js" path="C:\webdev\it2810proj3\p3\pimm\MockStorage.js">
          <metrics statements="10" coveredstatements="10" conditionals="9" coveredconditionals="7" methods="11" coveredmethods="11"/>
          <line num="3" count="3" type="stmt"/>
          <line num="7" count="4" type="stmt"/>
          <line num="8" count="4" type="cond" truecount="4" falsecount="0"/>
          <line num="15" count="2" type="stmt"/>
          <line num="16" count="2" type="cond" truecount="2" falsecount="0"/>
          <line num="23" count="1" type="stmt"/>
          <line num="24" count="1" type="cond" truecount="1" falsecount="1"/>
          <line num="31" count="1" type="stmt"/>
          <line num="35" count="1" type="stmt"/>
          <line num="36" count="1" type="stmt"/>
        </file>
        <file name="PedoSensor.js" path="C:\webdev\it2810proj3\p3\pimm\PedoSensor.js">
          <metrics statements="57" coveredstatements="28" conditionals="20" coveredconditionals="8" methods="21" coveredmethods="11"/>
          <line num="24" count="1" type="stmt"/>
          <line num="31" count="1" type="cond" truecount="1" falsecount="1"/>
          <line num="32" count="0" type="stmt"/>
          <line num="33" count="0" type="stmt"/>
          <line num="35" count="1" type="stmt"/>
          <line num="38" count="1" type="stmt"/>
          <line num="42" count="1" type="stmt"/>
          <line num="43" count="1" type="stmt"/>
          <line num="44" count="1" type="stmt"/>
          <line num="48" count="1" type="stmt"/>
          <line num="49" count="1" type="cond" truecount="1" falsecount="1"/>
          <line num="50" count="1" type="stmt"/>
          <line num="54" count="0" type="stmt"/>
          <line num="55" count="0" type="stmt"/>
          <line num="59" count="0" type="stmt"/>
          <line num="66" count="0" type="stmt"/>
          <line num="71" count="4" type="stmt"/>
          <line num="72" count="4" type="stmt"/>
          <line num="73" count="0" type="cond" truecount="0" falsecount="2"/>
          <line num="74" count="0" type="stmt"/>
          <line num="76" count="0" type="stmt"/>
          <line num="79" count="0" type="stmt"/>
          <line num="84" count="3" type="stmt"/>
          <line num="85" count="3" type="stmt"/>
          <line num="89" count="1" type="stmt"/>
          <line num="93" count="4" type="stmt"/>
          <line num="94" count="0" type="stmt"/>
          <line num="99" count="4" type="stmt"/>
          <line num="102" count="0" type="stmt"/>
          <line num="107" count="0" type="stmt"/>
          <line num="113" count="0" type="cond" truecount="0" falsecount="2"/>
          <line num="114" count="0" type="stmt"/>
          <line num="116" count="0" type="stmt"/>
          <line num="117" count="0" type="stmt"/>
          <line num="118" count="0" type="stmt"/>
          <line num="120" count="0" type="stmt"/>
          <line num="122" count="0" type="stmt"/>
          <line num="125" count="0" type="stmt"/>
          <line num="131" count="0" type="stmt"/>
          <line num="132" count="0" type="stmt"/>
          <line num="133" count="0" type="stmt"/>
          <line num="135" count="0" type="stmt"/>
          <line num="137" count="0" type="stmt"/>
          <line num="140" count="0" type="stmt"/>
          <line num="150" count="2" type="cond" truecount="2" falsecount="0"/>
          <line num="151" count="2" type="stmt"/>
          <line num="155" count="1" type="stmt"/>
          <line num="156" count="1" type="stmt"/>
          <line num="162" count="8" type="cond" truecount="2" falsecount="0"/>
          <line num="163" count="4" type="stmt"/>
          <line num="191" count="8" type="cond" truecount="1" falsecount="1"/>
          <line num="192" count="0" type="stmt"/>
          <line num="237" count="8" type="cond" truecount="1" falsecount="1"/>
          <line num="238" count="0" type="stmt"/>
          <line num="251" count="8" type="stmt"/>
          <line num="253" count="8" type="stmt"/>
          <line num="258" count="2" type="stmt"/>
        </file>
        <file name="Task.js" path="C:\webdev\it2810proj3\p3\pimm\Task.js">
          <metrics statements="21" coveredstatements="8" conditionals="4" coveredconditionals="1" methods="8" coveredmethods="2"/>
          <line num="13" count="2" type="stmt"/>
          <line num="14" count="2" type="stmt"/>
          <line num="15" count="2" type="stmt"/>
          <line num="16" count="2" type="stmt"/>
          <line num="27" count="0" type="stmt"/>
          <line num="28" count="0" type="stmt"/>
          <line num="29" count="0" type="stmt"/>
          <line num="30" count="0" type="stmt"/>
          <line num="32" count="0" type="stmt"/>
          <line num="37" count="0" type="stmt"/>
          <line num="38" count="0" type="stmt"/>
          <line num="43" count="0" type="stmt"/>
          <line num="50" count="0" type="stmt"/>
          <line num="51" count="0" type="stmt"/>
          <line num="56" count="2" type="cond" truecount="1" falsecount="1"/>
          <line num="57" count="2" type="stmt"/>
          <line num="65" count="0" type="cond" truecount="0" falsecount="2"/>
          <line num="66" count="0" type="stmt"/>
          <line num="98" count="0" type="stmt"/>
          <line num="117" count="2" type="stmt"/>
          <line num="122" count="5" type="stmt"/>
        </file>
        <file name="TasksCompleted.js" path="C:\webdev\it2810proj3\p3\pimm\TasksCompleted.js">
          <metrics statements="18" coveredstatements="7" conditionals="4" coveredconditionals="0" methods="10" coveredmethods="4"/>
          <line num="8" count="3" type="stmt"/>
          <line num="9" count="3" type="stmt"/>
          <line num="17" count="3" type="stmt"/>
          <line num="18" count="3" type="stmt"/>
          <line num="19" count="3" type="stmt"/>
          <line num="20" count="0" type="stmt"/>
          <line num="21" count="0" type="stmt"/>
          <line num="22" count="0" type="stmt"/>
          <line num="23" count="0" type="cond" truecount="0" falsecount="2"/>
          <line num="24" count="0" type="cond" truecount="0" falsecount="2"/>
          <line num="25" count="0" type="stmt"/>
          <line num="30" count="0" type="stmt"/>
          <line num="36" count="0" type="stmt"/>
          <line num="37" count="0" type="stmt"/>
          <line num="42" count="3" type="stmt"/>
          <line num="46" count="0" type="stmt"/>
          <line num="50" count="3" type="stmt"/>
          <line num="57" count="0" type="stmt"/>
        </file>
        <file name="TasksToDo.js" path="C:\webdev\it2810proj3\p3\pimm\TasksToDo.js">
          <metrics statements="18" coveredstatements="7" conditionals="4" coveredconditionals="0" methods="10" coveredmethods="4"/>
          <line num="8" count="7" type="stmt"/>
          <line num="9" count="7" type="stmt"/>
          <line num="18" count="7" type="stmt"/>
          <line num="19" count="7" type="stmt"/>
          <line num="20" count="7" type="stmt"/>
          <line num="21" count="0" type="stmt"/>
          <line num="22" count="0" type="stmt"/>
          <line num="23" count="0" type="stmt"/>
          <line num="24" count="0" type="cond" truecount="0" falsecount="2"/>
          <line num="25" count="0" type="cond" truecount="0" falsecount="2"/>
          <line num="26" count="0" type="stmt"/>
          <line num="31" count="0" type="stmt"/>
          <line num="37" count="0" type="stmt"/>
          <line num="38" count="0" type="stmt"/>
          <line num="43" count="7" type="stmt"/>
          <line num="47" count="0" type="stmt"/>
          <line num="51" count="8" type="stmt"/>
          <line num="58" count="0" type="stmt"/>
        </file>
      </package>
      <package name="pimm.assets">
        <metrics statements="3" coveredstatements="3" conditionals="0" coveredconditionals="0" methods="0" coveredmethods="0"/>
        <file name="accept.png" path="C:\webdev\it2810proj3\p3\pimm\assets\accept.png">
          <metrics statements="1" coveredstatements="1" conditionals="0" coveredconditionals="0" methods="0" coveredmethods="0"/>
          <line num="1" count="2" type="stmt"/>
        </file>
        <file name="back.png" path="C:\webdev\it2810proj3\p3\pimm\assets\back.png">
          <metrics statements="1" coveredstatements="1" conditionals="0" coveredconditionals="0" methods="0" coveredmethods="0"/>
          <line num="1" count="2" type="stmt"/>
        </file>
        <file name="plus.png" path="C:\webdev\it2810proj3\p3\pimm\assets\plus.png">
          <metrics statements="1" coveredstatements="1" conditionals="0" coveredconditionals="0" methods="0" coveredmethods="0"/>
          <line num="1" count="2" type="stmt"/>
        </file>
      </package>
    </metrics>
  </project>
</coverage>
