<?xml version="1.0" encoding="UTF-8"?>
<coverage generated="1539872134359" clover="3.2.0">
  <project timestamp="1539872134359" name="All files">
    <metrics statements="10" coveredstatements="10" conditionals="9" coveredconditionals="7" methods="11" coveredmethods="11" elements="30" coveredelements="28" complexity="0" loc="10" ncloc="10" packages="1" files="1" classes="1">
      <file name="MockStorage.js" path="C:\Users\Thomas\Documents\Skule\Webutvikling\it2810-webutvikling-h18-prosjekt-3-21\p3\pimm\MockStorage.js">
        <metrics statements="10" coveredstatements="10" conditionals="9" coveredconditionals="7" methods="11" coveredmethods="11"/>
        <line num="3" count="3" type="stmt"/>
        <line num="7" count="4" type="stmt"/>
        <line num="8" count="4" type="cond" truecount="4" falsecount="0"/>
        <line num="15" count="2" type="stmt"/>
        <line num="16" count="2" type="cond" truecount="2" falsecount="0"/>
        <line num="23" count="1" type="stmt"/>
        <line num="24" count="1" type="cond" truecount="1" falsecount="1"/>
        <line num="31" count="1" type="stmt"/>
        <line num="35" count="1" type="stmt"/>
        <line num="36" count="1" type="stmt"/>
      </file>
    </metrics>
  </project>
</coverage>
