{"C:\\webdev\\it2810proj3\\p3\\pimm\\App.js": {"path":"C:\\webdev\\it2810proj3\\p3\\pimm\\App.js","statementMap":{"0":{"start":{"line":9,"column":4},"end":{"line":9,"column":17}},"1":{"start":{"line":15,"column":4},"end":{"line":15,"column":51}},"2":{"start":{"line":18,"column":4},"end":{"line":18,"column":48}},"3":{"start":{"line":21,"column":4},"end":{"line":23,"column":6}},"4":{"start":{"line":24,"column":4},"end":{"line":24,"column":52}},"5":{"start":{"line":28,"column":4},"end":{"line":28,"column":38}},"6":{"start":{"line":32,"column":4},"end":{"line":38,"column":5}},"7":{"start":{"line":33,"column":6},"end":{"line":33,"column":53}},"8":{"start":{"line":34,"column":11},"end":{"line":38,"column":5}},"9":{"start":{"line":35,"column":6},"end":{"line":35,"column":69}},"10":{"start":{"line":36,"column":11},"end":{"line":38,"column":5}},"11":{"start":{"line":37,"column":6},"end":{"line":37,"column":44}},"12":{"start":{"line":40,"column":22},"end":{"line":40,"column":59}},"13":{"start":{"line":42,"column":4},"end":{"line":80,"column":6}},"14":{"start":{"line":51,"column":27},"end":{"line":51,"column":63}},"15":{"start":{"line":67,"column":27},"end":{"line":67,"column":62}},"16":{"start":{"line":84,"column":17},"end":{"line":123,"column":2}}},"fnMap":{"0":{"name":"(anonymous_0)","decl":{"start":{"line":8,"column":2},"end":{"line":8,"column":3}},"loc":{"start":{"line":8,"column":21},"end":{"line":10,"column":3}},"line":8},"1":{"name":"(anonymous_1)","decl":{"start":{"line":14,"column":18},"end":{"line":14,"column":19}},"loc":{"start":{"line":14,"column":24},"end":{"line":16,"column":3}},"line":14},"2":{"name":"(anonymous_2)","decl":{"start":{"line":17,"column":20},"end":{"line":17,"column":21}},"loc":{"start":{"line":17,"column":26},"end":{"line":19,"column":3}},"line":17},"3":{"name":"(anonymous_3)","decl":{"start":{"line":20,"column":19},"end":{"line":20,"column":20}},"loc":{"start":{"line":20,"column":33},"end":{"line":25,"column":3}},"line":20},"4":{"name":"(anonymous_4)","decl":{"start":{"line":27,"column":22},"end":{"line":27,"column":23}},"loc":{"start":{"line":27,"column":28},"end":{"line":29,"column":3}},"line":27},"5":{"name":"(anonymous_5)","decl":{"start":{"line":31,"column":2},"end":{"line":31,"column":3}},"loc":{"start":{"line":31,"column":11},"end":{"line":81,"column":3}},"line":31},"6":{"name":"(anonymous_6)","decl":{"start":{"line":51,"column":21},"end":{"line":51,"column":22}},"loc":{"start":{"line":51,"column":27},"end":{"line":51,"column":63}},"line":51},"7":{"name":"(anonymous_7)","decl":{"start":{"line":67,"column":21},"end":{"line":67,"column":22}},"loc":{"start":{"line":67,"column":27},"end":{"line":67,"column":62}},"line":67}},"branchMap":{"0":{"loc":{"start":{"line":32,"column":4},"end":{"line":38,"column":5}},"type":"if","locations":[{"start":{"line":32,"column":4},"end":{"line":38,"column":5}},{"start":{"line":32,"column":4},"end":{"line":38,"column":5}}],"line":32},"1":{"loc":{"start":{"line":34,"column":11},"end":{"line":38,"column":5}},"type":"if","locations":[{"start":{"line":34,"column":11},"end":{"line":38,"column":5}},{"start":{"line":34,"column":11},"end":{"line":38,"column":5}}],"line":34},"2":{"loc":{"start":{"line":36,"column":11},"end":{"line":38,"column":5}},"type":"if","locations":[{"start":{"line":36,"column":11},"end":{"line":38,"column":5}},{"start":{"line":36,"column":11},"end":{"line":38,"column":5}}],"line":36},"3":{"loc":{"start":{"line":49,"column":14},"end":{"line":49,"column":55}},"type":"cond-expr","locations":[{"start":{"line":49,"column":29},"end":{"line":49,"column":50}},{"start":{"line":49,"column":53},"end":{"line":49,"column":55}}],"line":49},"4":{"loc":{"start":{"line":56,"column":16},"end":{"line":56,"column":55}},"type":"cond-expr","locations":[{"start":{"line":56,"column":31},"end":{"line":56,"column":50}},{"start":{"line":56,"column":53},"end":{"line":56,"column":55}}],"line":56},"5":{"loc":{"start":{"line":65,"column":14},"end":{"line":65,"column":54}},"type":"cond-expr","locations":[{"start":{"line":65,"column":28},"end":{"line":65,"column":49}},{"start":{"line":65,"column":52},"end":{"line":65,"column":54}}],"line":65},"6":{"loc":{"start":{"line":72,"column":16},"end":{"line":72,"column":54}},"type":"cond-expr","locations":[{"start":{"line":72,"column":30},"end":{"line":72,"column":49}},{"start":{"line":72,"column":52},"end":{"line":72,"column":54}}],"line":72}},"s":{"0":1,"1":1,"2":2,"3":0,"4":0,"5":2,"6":6,"7":4,"8":2,"9":1,"10":1,"11":1,"12":6,"13":6,"14":0,"15":0,"16":1},"f":{"0":1,"1":1,"2":2,"3":0,"4":2,"5":6,"6":0,"7":0},"b":{"0":[4,2],"1":[1,1],"2":[1,0],"3":[5,1],"4":[5,1],"5":[1,5],"6":[1,5]},"_coverageSchema":"332fd63041d2c1bcb487cc26dd0d5f7d97098a6c","hash":"46268c2206cd07f68a18f939767888fe119c54bc"}
,"C:\\webdev\\it2810proj3\\p3\\pimm\\EditTaskScreen.js": {"path":"C:\\webdev\\it2810proj3\\p3\\pimm\\EditTaskScreen.js","statementMap":{"0":{"start":{"line":14,"column":4},"end":{"line":14,"column":17}},"1":{"start":{"line":15,"column":4},"end":{"line":15,"column":37}},"2":{"start":{"line":16,"column":4},"end":{"line":16,"column":48}},"3":{"start":{"line":17,"column":4},"end":{"line":17,"column":37}},"4":{"start":{"line":18,"column":4},"end":{"line":18,"column":31}},"5":{"start":{"line":19,"column":4},"end":{"line":19,"column":33}},"6":{"start":{"line":23,"column":4},"end":{"line":41,"column":6}},"7":{"start":{"line":24,"column":20},"end":{"line":24,"column":22}},"8":{"start":{"line":25,"column":6},"end":{"line":40,"column":7}},"9":{"start":{"line":26,"column":8},"end":{"line":36,"column":11}},"10":{"start":{"line":27,"column":10},"end":{"line":31,"column":13}},"11":{"start":{"line":28,"column":12},"end":{"line":30,"column":15}},"12":{"start":{"line":29,"column":14},"end":{"line":29,"column":40}},"13":{"start":{"line":33,"column":10},"end":{"line":35,"column":13}},"14":{"start":{"line":38,"column":8},"end":{"line":38,"column":27}},"15":{"start":{"line":39,"column":8},"end":{"line":39,"column":45}},"16":{"start":{"line":43,"column":4},"end":{"line":43,"column":20}},"17":{"start":{"line":48,"column":4},"end":{"line":89,"column":6}},"18":{"start":{"line":63,"column":34},"end":{"line":63,"column":74}},"19":{"start":{"line":93,"column":4},"end":{"line":93,"column":40}},"20":{"start":{"line":96,"column":4},"end":{"line":96,"column":56}},"21":{"start":{"line":101,"column":4},"end":{"line":137,"column":5}},"22":{"start":{"line":102,"column":6},"end":{"line":133,"column":11}},"23":{"start":{"line":104,"column":10},"end":{"line":104,"column":27}},"24":{"start":{"line":107,"column":10},"end":{"line":112,"column":11}},"25":{"start":{"line":108,"column":12},"end":{"line":108,"column":24}},"26":{"start":{"line":110,"column":12},"end":{"line":110,"column":40}},"27":{"start":{"line":111,"column":12},"end":{"line":111,"column":25}},"28":{"start":{"line":113,"column":10},"end":{"line":125,"column":11}},"29":{"start":{"line":114,"column":23},"end":{"line":118,"column":13}},"30":{"start":{"line":120,"column":23},"end":{"line":124,"column":13}},"31":{"start":{"line":126,"column":10},"end":{"line":126,"column":37}},"32":{"start":{"line":127,"column":10},"end":{"line":129,"column":12}},"33":{"start":{"line":130,"column":10},"end":{"line":132,"column":13}},"34":{"start":{"line":131,"column":12},"end":{"line":131,"column":48}},"35":{"start":{"line":135,"column":6},"end":{"line":135,"column":25}},"36":{"start":{"line":136,"column":6},"end":{"line":136,"column":34}},"37":{"start":{"line":142,"column":32},"end":{"line":204,"column":2}}},"fnMap":{"0":{"name":"(anonymous_0)","decl":{"start":{"line":13,"column":2},"end":{"line":13,"column":3}},"loc":{"start":{"line":13,"column":21},"end":{"line":20,"column":3}},"line":13},"1":{"name":"(anonymous_1)","decl":{"start":{"line":22,"column":2},"end":{"line":22,"column":3}},"loc":{"start":{"line":22,"column":22},"end":{"line":44,"column":3}},"line":22},"2":{"name":"(anonymous_2)","decl":{"start":{"line":23,"column":20},"end":{"line":23,"column":21}},"loc":{"start":{"line":23,"column":32},"end":{"line":41,"column":5}},"line":23},"3":{"name":"(anonymous_3)","decl":{"start":{"line":26,"column":32},"end":{"line":26,"column":33}},"loc":{"start":{"line":26,"column":47},"end":{"line":32,"column":9}},"line":26},"4":{"name":"(anonymous_4)","decl":{"start":{"line":27,"column":38},"end":{"line":27,"column":39}},"loc":{"start":{"line":27,"column":55},"end":{"line":31,"column":11}},"line":27},"5":{"name":"(anonymous_5)","decl":{"start":{"line":28,"column":23},"end":{"line":28,"column":24}},"loc":{"start":{"line":28,"column":45},"end":{"line":30,"column":13}},"line":28},"6":{"name":"(anonymous_6)","decl":{"start":{"line":32,"column":16},"end":{"line":32,"column":17}},"loc":{"start":{"line":32,"column":22},"end":{"line":36,"column":9}},"line":32},"7":{"name":"(anonymous_7)","decl":{"start":{"line":47,"column":2},"end":{"line":47,"column":3}},"loc":{"start":{"line":47,"column":11},"end":{"line":90,"column":3}},"line":47},"8":{"name":"(anonymous_8)","decl":{"start":{"line":63,"column":26},"end":{"line":63,"column":27}},"loc":{"start":{"line":63,"column":34},"end":{"line":63,"column":74}},"line":63},"9":{"name":"(anonymous_9)","decl":{"start":{"line":92,"column":16},"end":{"line":92,"column":17}},"loc":{"start":{"line":92,"column":22},"end":{"line":94,"column":3}},"line":92},"10":{"name":"(anonymous_10)","decl":{"start":{"line":95,"column":2},"end":{"line":95,"column":3}},"loc":{"start":{"line":95,"column":17},"end":{"line":97,"column":3}},"line":95},"11":{"name":"(anonymous_11)","decl":{"start":{"line":99,"column":20},"end":{"line":99,"column":21}},"loc":{"start":{"line":99,"column":32},"end":{"line":138,"column":3}},"line":99},"12":{"name":"(anonymous_12)","decl":{"start":{"line":103,"column":14},"end":{"line":103,"column":15}},"loc":{"start":{"line":103,"column":24},"end":{"line":105,"column":9}},"line":103},"13":{"name":"(anonymous_13)","decl":{"start":{"line":106,"column":14},"end":{"line":106,"column":15}},"loc":{"start":{"line":106,"column":20},"end":{"line":133,"column":9}},"line":106},"14":{"name":"(anonymous_14)","decl":{"start":{"line":128,"column":12},"end":{"line":128,"column":13}},"loc":{"start":{"line":128,"column":18},"end":{"line":128,"column":20}},"line":128},"15":{"name":"(anonymous_15)","decl":{"start":{"line":130,"column":71},"end":{"line":130,"column":72}},"loc":{"start":{"line":130,"column":77},"end":{"line":132,"column":11}},"line":130}},"branchMap":{"0":{"loc":{"start":{"line":96,"column":11},"end":{"line":96,"column":55}},"type":"binary-expr","locations":[{"start":{"line":96,"column":11},"end":{"line":96,"column":14}},{"start":{"line":96,"column":18},"end":{"line":96,"column":32}},{"start":{"line":96,"column":36},"end":{"line":96,"column":55}}],"line":96},"1":{"loc":{"start":{"line":107,"column":10},"end":{"line":112,"column":11}},"type":"if","locations":[{"start":{"line":107,"column":10},"end":{"line":112,"column":11}},{"start":{"line":107,"column":10},"end":{"line":112,"column":11}}],"line":107},"2":{"loc":{"start":{"line":113,"column":10},"end":{"line":125,"column":11}},"type":"if","locations":[{"start":{"line":113,"column":10},"end":{"line":125,"column":11}},{"start":{"line":113,"column":10},"end":{"line":125,"column":11}}],"line":113}},"s":{"0":2,"1":2,"2":2,"3":2,"4":2,"5":2,"6":2,"7":2,"8":2,"9":2,"10":0,"11":0,"12":0,"13":0,"14":0,"15":0,"16":2,"17":2,"18":0,"19":1,"20":0,"21":0,"22":0,"23":0,"24":0,"25":0,"26":0,"27":0,"28":0,"29":0,"30":0,"31":0,"32":0,"33":0,"34":0,"35":0,"36":0,"37":2},"f":{"0":2,"1":2,"2":2,"3":0,"4":0,"5":0,"6":0,"7":2,"8":0,"9":1,"10":0,"11":0,"12":0,"13":0,"14":0,"15":0},"b":{"0":[0,0,0],"1":[0,0],"2":[0,0]},"_coverageSchema":"332fd63041d2c1bcb487cc26dd0d5f7d97098a6c","hash":"20616ef1d79935560d10cd426ccce0f7ef0820da"}
,"C:\\webdev\\it2810proj3\\p3\\pimm\\HomeScreen.js": {"path":"C:\\webdev\\it2810proj3\\p3\\pimm\\HomeScreen.js","statementMap":{"0":{"start":{"line":9,"column":4},"end":{"line":9,"column":17}},"1":{"start":{"line":10,"column":4},"end":{"line":10,"column":37}},"2":{"start":{"line":19,"column":4},"end":{"line":19,"column":25}},"3":{"start":{"line":24,"column":4},"end":{"line":28,"column":5}},"4":{"start":{"line":25,"column":6},"end":{"line":25,"column":42}},"5":{"start":{"line":26,"column":11},"end":{"line":28,"column":5}},"6":{"start":{"line":27,"column":6},"end":{"line":27,"column":47}},"7":{"start":{"line":31,"column":4},"end":{"line":43,"column":5}},"8":{"start":{"line":32,"column":6},"end":{"line":42,"column":8}},"9":{"start":{"line":44,"column":4},"end":{"line":93,"column":6}},"10":{"start":{"line":96,"column":4},"end":{"line":96,"column":44}},"11":{"start":{"line":99,"column":4},"end":{"line":99,"column":49}},"12":{"start":{"line":102,"column":4},"end":{"line":102,"column":38}},"13":{"start":{"line":106,"column":22},"end":{"line":189,"column":2}}},"fnMap":{"0":{"name":"(anonymous_0)","decl":{"start":{"line":8,"column":2},"end":{"line":8,"column":3}},"loc":{"start":{"line":8,"column":21},"end":{"line":11,"column":3}},"line":8},"1":{"name":"(anonymous_1)","decl":{"start":{"line":18,"column":2},"end":{"line":18,"column":3}},"loc":{"start":{"line":18,"column":16},"end":{"line":20,"column":3}},"line":18},"2":{"name":"(anonymous_2)","decl":{"start":{"line":22,"column":2},"end":{"line":22,"column":3}},"loc":{"start":{"line":22,"column":11},"end":{"line":94,"column":3}},"line":22},"3":{"name":"(anonymous_3)","decl":{"start":{"line":95,"column":16},"end":{"line":95,"column":17}},"loc":{"start":{"line":95,"column":22},"end":{"line":97,"column":3}},"line":95},"4":{"name":"(anonymous_4)","decl":{"start":{"line":98,"column":21},"end":{"line":98,"column":22}},"loc":{"start":{"line":98,"column":27},"end":{"line":100,"column":3}},"line":98},"5":{"name":"(anonymous_5)","decl":{"start":{"line":101,"column":19},"end":{"line":101,"column":20}},"loc":{"start":{"line":101,"column":25},"end":{"line":103,"column":3}},"line":101}},"branchMap":{"0":{"loc":{"start":{"line":24,"column":4},"end":{"line":28,"column":5}},"type":"if","locations":[{"start":{"line":24,"column":4},"end":{"line":28,"column":5}},{"start":{"line":24,"column":4},"end":{"line":28,"column":5}}],"line":24},"1":{"loc":{"start":{"line":26,"column":11},"end":{"line":28,"column":5}},"type":"if","locations":[{"start":{"line":26,"column":11},"end":{"line":28,"column":5}},{"start":{"line":26,"column":11},"end":{"line":28,"column":5}}],"line":26},"2":{"loc":{"start":{"line":31,"column":4},"end":{"line":43,"column":5}},"type":"if","locations":[{"start":{"line":31,"column":4},"end":{"line":43,"column":5}},{"start":{"line":31,"column":4},"end":{"line":43,"column":5}}],"line":31},"3":{"loc":{"start":{"line":50,"column":14},"end":{"line":52,"column":31}},"type":"cond-expr","locations":[{"start":{"line":51,"column":18},"end":{"line":51,"column":37}},{"start":{"line":52,"column":18},"end":{"line":52,"column":31}}],"line":50},"4":{"loc":{"start":{"line":59,"column":18},"end":{"line":61,"column":39}},"type":"cond-expr","locations":[{"start":{"line":60,"column":22},"end":{"line":60,"column":45}},{"start":{"line":61,"column":22},"end":{"line":61,"column":39}}],"line":59},"5":{"loc":{"start":{"line":71,"column":14},"end":{"line":73,"column":31}},"type":"cond-expr","locations":[{"start":{"line":72,"column":18},"end":{"line":72,"column":37}},{"start":{"line":73,"column":18},"end":{"line":73,"column":31}}],"line":71},"6":{"loc":{"start":{"line":80,"column":18},"end":{"line":82,"column":39}},"type":"cond-expr","locations":[{"start":{"line":81,"column":22},"end":{"line":81,"column":45}},{"start":{"line":82,"column":22},"end":{"line":82,"column":39}}],"line":80}},"s":{"0":5,"1":5,"2":0,"3":8,"4":7,"5":1,"6":1,"7":8,"8":7,"9":8,"10":1,"11":1,"12":0,"13":4},"f":{"0":5,"1":0,"2":8,"3":1,"4":1,"5":0},"b":{"0":[7,1],"1":[1,0],"2":[7,1],"3":[7,1],"4":[7,1],"5":[1,7],"6":[1,7]},"_coverageSchema":"332fd63041d2c1bcb487cc26dd0d5f7d97098a6c","hash":"cdc8970de67e613440c793a0a8ea42cb654117ed"}
,"C:\\webdev\\it2810proj3\\p3\\pimm\\MockStorage.js": {"path":"C:\\webdev\\it2810proj3\\p3\\pimm\\MockStorage.js","statementMap":{"0":{"start":{"line":3,"column":4},"end":{"line":3,"column":30}},"1":{"start":{"line":7,"column":4},"end":{"line":11,"column":7}},"2":{"start":{"line":8,"column":6},"end":{"line":10,"column":52}},"3":{"start":{"line":15,"column":4},"end":{"line":19,"column":7}},"4":{"start":{"line":16,"column":6},"end":{"line":18,"column":24}},"5":{"start":{"line":23,"column":4},"end":{"line":27,"column":7}},"6":{"start":{"line":24,"column":6},"end":{"line":26,"column":33}},"7":{"start":{"line":31,"column":4},"end":{"line":31,"column":79}},"8":{"start":{"line":31,"column":44},"end":{"line":31,"column":77}},"9":{"start":{"line":35,"column":4},"end":{"line":37,"column":6}},"10":{"start":{"line":36,"column":6},"end":{"line":36,"column":45}}},"fnMap":{"0":{"name":"(anonymous_0)","decl":{"start":{"line":2,"column":2},"end":{"line":2,"column":3}},"loc":{"start":{"line":2,"column":26},"end":{"line":4,"column":3}},"line":2},"1":{"name":"(anonymous_1)","decl":{"start":{"line":6,"column":20},"end":{"line":6,"column":21}},"loc":{"start":{"line":6,"column":36},"end":{"line":12,"column":3}},"line":6},"2":{"name":"(anonymous_2)","decl":{"start":{"line":7,"column":23},"end":{"line":7,"column":24}},"loc":{"start":{"line":7,"column":44},"end":{"line":11,"column":5}},"line":7},"3":{"name":"(anonymous_3)","decl":{"start":{"line":14,"column":20},"end":{"line":14,"column":21}},"loc":{"start":{"line":14,"column":27},"end":{"line":20,"column":3}},"line":14},"4":{"name":"(anonymous_4)","decl":{"start":{"line":15,"column":23},"end":{"line":15,"column":24}},"loc":{"start":{"line":15,"column":34},"end":{"line":19,"column":5}},"line":15},"5":{"name":"(anonymous_5)","decl":{"start":{"line":22,"column":23},"end":{"line":22,"column":24}},"loc":{"start":{"line":22,"column":30},"end":{"line":28,"column":3}},"line":22},"6":{"name":"(anonymous_6)","decl":{"start":{"line":23,"column":23},"end":{"line":23,"column":24}},"loc":{"start":{"line":23,"column":44},"end":{"line":27,"column":5}},"line":23},"7":{"name":"(anonymous_7)","decl":{"start":{"line":30,"column":18},"end":{"line":30,"column":19}},"loc":{"start":{"line":30,"column":25},"end":{"line":32,"column":3}},"line":30},"8":{"name":"(anonymous_8)","decl":{"start":{"line":31,"column":23},"end":{"line":31,"column":24}},"loc":{"start":{"line":31,"column":44},"end":{"line":31,"column":77}},"line":31},"9":{"name":"(anonymous_9)","decl":{"start":{"line":34,"column":23},"end":{"line":34,"column":24}},"loc":{"start":{"line":34,"column":30},"end":{"line":38,"column":3}},"line":34},"10":{"name":"(anonymous_10)","decl":{"start":{"line":35,"column":23},"end":{"line":35,"column":24}},"loc":{"start":{"line":36,"column":6},"end":{"line":36,"column":45}},"line":36}},"branchMap":{"0":{"loc":{"start":{"line":2,"column":14},"end":{"line":2,"column":24}},"type":"default-arg","locations":[{"start":{"line":2,"column":22},"end":{"line":2,"column":24}}],"line":2},"1":{"loc":{"start":{"line":8,"column":13},"end":{"line":10,"column":51}},"type":"cond-expr","locations":[{"start":{"line":9,"column":10},"end":{"line":9,"column":59}},{"start":{"line":10,"column":10},"end":{"line":10,"column":51}}],"line":8},"2":{"loc":{"start":{"line":8,"column":13},"end":{"line":8,"column":65}},"type":"binary-expr","locations":[{"start":{"line":8,"column":13},"end":{"line":8,"column":36}},{"start":{"line":8,"column":40},"end":{"line":8,"column":65}}],"line":8},"3":{"loc":{"start":{"line":16,"column":13},"end":{"line":18,"column":23}},"type":"cond-expr","locations":[{"start":{"line":17,"column":10},"end":{"line":17,"column":41}},{"start":{"line":18,"column":10},"end":{"line":18,"column":23}}],"line":16},"4":{"loc":{"start":{"line":24,"column":13},"end":{"line":26,"column":32}},"type":"cond-expr","locations":[{"start":{"line":25,"column":10},"end":{"line":25,"column":48}},{"start":{"line":26,"column":10},"end":{"line":26,"column":32}}],"line":24}},"s":{"0":3,"1":4,"2":4,"3":2,"4":2,"5":1,"6":1,"7":1,"8":1,"9":1,"10":1},"f":{"0":3,"1":4,"2":4,"3":2,"4":2,"5":1,"6":1,"7":1,"8":1,"9":1,"10":1},"b":{"0":[0],"1":[1,3],"2":[4,4],"3":[1,1],"4":[1,0]},"_coverageSchema":"332fd63041d2c1bcb487cc26dd0d5f7d97098a6c","hash":"8b16ec86947effe405b4083b2d5ab3c993f0c307"}
,"C:\\webdev\\it2810proj3\\p3\\pimm\\PedoSensor.js": {"path":"C:\\webdev\\it2810proj3\\p3\\pimm\\PedoSensor.js","statementMap":{"0":{"start":{"line":24,"column":4},"end":{"line":27,"column":6}},"1":{"start":{"line":31,"column":4},"end":{"line":36,"column":5}},"2":{"start":{"line":32,"column":6},"end":{"line":32,"column":73}},"3":{"start":{"line":33,"column":6},"end":{"line":33,"column":24}},"4":{"start":{"line":35,"column":6},"end":{"line":35,"column":73}},"5":{"start":{"line":38,"column":4},"end":{"line":38,"column":64}},"6":{"start":{"line":42,"column":18},"end":{"line":42,"column":50}},"7":{"start":{"line":43,"column":4},"end":{"line":43,"column":19}},"8":{"start":{"line":44,"column":4},"end":{"line":44,"column":54}},"9":{"start":{"line":48,"column":18},"end":{"line":48,"column":50}},"10":{"start":{"line":49,"column":4},"end":{"line":49,"column":50}},"11":{"start":{"line":50,"column":4},"end":{"line":50,"column":54}},"12":{"start":{"line":54,"column":4},"end":{"line":67,"column":5}},"13":{"start":{"line":55,"column":6},"end":{"line":64,"column":8}},"14":{"start":{"line":59,"column":10},"end":{"line":62,"column":12}},"15":{"start":{"line":66,"column":6},"end":{"line":66,"column":25}},"16":{"start":{"line":71,"column":4},"end":{"line":80,"column":5}},"17":{"start":{"line":72,"column":20},"end":{"line":72,"column":70}},"18":{"start":{"line":73,"column":6},"end":{"line":77,"column":7}},"19":{"start":{"line":74,"column":8},"end":{"line":74,"column":58}},"20":{"start":{"line":76,"column":8},"end":{"line":76,"column":47}},"21":{"start":{"line":79,"column":6},"end":{"line":79,"column":25}},"22":{"start":{"line":84,"column":4},"end":{"line":84,"column":22}},"23":{"start":{"line":85,"column":4},"end":{"line":85,"column":21}},"24":{"start":{"line":89,"column":4},"end":{"line":89,"column":24}},"25":{"start":{"line":93,"column":4},"end":{"line":97,"column":7}},"26":{"start":{"line":94,"column":6},"end":{"line":96,"column":9}},"27":{"start":{"line":99,"column":4},"end":{"line":146,"column":9}},"28":{"start":{"line":102,"column":10},"end":{"line":104,"column":13}},"29":{"start":{"line":107,"column":10},"end":{"line":109,"column":13}},"30":{"start":{"line":113,"column":8},"end":{"line":145,"column":9}},"31":{"start":{"line":114,"column":22},"end":{"line":114,"column":32}},"32":{"start":{"line":116,"column":29},"end":{"line":116,"column":39}},"33":{"start":{"line":117,"column":10},"end":{"line":117,"column":48}},"34":{"start":{"line":118,"column":10},"end":{"line":118,"column":42}},"35":{"start":{"line":120,"column":10},"end":{"line":129,"column":12}},"36":{"start":{"line":122,"column":14},"end":{"line":122,"column":62}},"37":{"start":{"line":125,"column":14},"end":{"line":127,"column":17}},"38":{"start":{"line":131,"column":28},"end":{"line":131,"column":38}},"39":{"start":{"line":132,"column":10},"end":{"line":132,"column":43}},"40":{"start":{"line":133,"column":10},"end":{"line":133,"column":41}},"41":{"start":{"line":135,"column":10},"end":{"line":144,"column":12}},"42":{"start":{"line":137,"column":14},"end":{"line":137,"column":58}},"43":{"start":{"line":140,"column":14},"end":{"line":142,"column":17}},"44":{"start":{"line":150,"column":4},"end":{"line":150,"column":54}},"45":{"start":{"line":151,"column":4},"end":{"line":151,"column":30}},"46":{"start":{"line":155,"column":17},"end":{"line":155,"column":42}},"47":{"start":{"line":156,"column":4},"end":{"line":156,"column":40}},"48":{"start":{"line":162,"column":4},"end":{"line":189,"column":5}},"49":{"start":{"line":163,"column":6},"end":{"line":188,"column":8}},"50":{"start":{"line":191,"column":4},"end":{"line":252,"column":5}},"51":{"start":{"line":192,"column":6},"end":{"line":236,"column":8}},"52":{"start":{"line":237,"column":11},"end":{"line":252,"column":5}},"53":{"start":{"line":238,"column":6},"end":{"line":249,"column":8}},"54":{"start":{"line":251,"column":6},"end":{"line":251,"column":75}},"55":{"start":{"line":253,"column":4},"end":{"line":253,"column":19}},"56":{"start":{"line":258,"column":15},"end":{"line":389,"column":2}}},"fnMap":{"0":{"name":"(anonymous_0)","decl":{"start":{"line":23,"column":19},"end":{"line":23,"column":20}},"loc":{"start":{"line":23,"column":25},"end":{"line":28,"column":3}},"line":23},"1":{"name":"(anonymous_1)","decl":{"start":{"line":30,"column":18},"end":{"line":30,"column":19}},"loc":{"start":{"line":30,"column":24},"end":{"line":39,"column":3}},"line":30},"2":{"name":"(anonymous_2)","decl":{"start":{"line":41,"column":25},"end":{"line":41,"column":26}},"loc":{"start":{"line":41,"column":31},"end":{"line":45,"column":3}},"line":41},"3":{"name":"(anonymous_3)","decl":{"start":{"line":47,"column":25},"end":{"line":47,"column":26}},"loc":{"start":{"line":47,"column":31},"end":{"line":51,"column":3}},"line":47},"4":{"name":"(anonymous_4)","decl":{"start":{"line":53,"column":15},"end":{"line":53,"column":16}},"loc":{"start":{"line":53,"column":27},"end":{"line":68,"column":3}},"line":53},"5":{"name":"(anonymous_5)","decl":{"start":{"line":58,"column":8},"end":{"line":58,"column":9}},"loc":{"start":{"line":58,"column":14},"end":{"line":63,"column":9}},"line":58},"6":{"name":"(anonymous_6)","decl":{"start":{"line":70,"column":14},"end":{"line":70,"column":15}},"loc":{"start":{"line":70,"column":26},"end":{"line":81,"column":3}},"line":70},"7":{"name":"(anonymous_7)","decl":{"start":{"line":83,"column":2},"end":{"line":83,"column":3}},"loc":{"start":{"line":83,"column":23},"end":{"line":86,"column":3}},"line":83},"8":{"name":"(anonymous_8)","decl":{"start":{"line":88,"column":2},"end":{"line":88,"column":3}},"loc":{"start":{"line":88,"column":25},"end":{"line":90,"column":3}},"line":88},"9":{"name":"(anonymous_9)","decl":{"start":{"line":92,"column":15},"end":{"line":92,"column":16}},"loc":{"start":{"line":92,"column":21},"end":{"line":147,"column":3}},"line":92},"10":{"name":"(anonymous_10)","decl":{"start":{"line":93,"column":50},"end":{"line":93,"column":51}},"loc":{"start":{"line":93,"column":60},"end":{"line":97,"column":5}},"line":93},"11":{"name":"(anonymous_11)","decl":{"start":{"line":101,"column":8},"end":{"line":101,"column":9}},"loc":{"start":{"line":101,"column":18},"end":{"line":105,"column":9}},"line":101},"12":{"name":"(anonymous_12)","decl":{"start":{"line":106,"column":8},"end":{"line":106,"column":9}},"loc":{"start":{"line":106,"column":17},"end":{"line":110,"column":9}},"line":106},"13":{"name":"(anonymous_13)","decl":{"start":{"line":112,"column":12},"end":{"line":112,"column":13}},"loc":{"start":{"line":112,"column":18},"end":{"line":146,"column":7}},"line":112},"14":{"name":"(anonymous_14)","decl":{"start":{"line":121,"column":12},"end":{"line":121,"column":13}},"loc":{"start":{"line":121,"column":22},"end":{"line":123,"column":13}},"line":121},"15":{"name":"(anonymous_15)","decl":{"start":{"line":124,"column":12},"end":{"line":124,"column":13}},"loc":{"start":{"line":124,"column":21},"end":{"line":128,"column":13}},"line":124},"16":{"name":"(anonymous_16)","decl":{"start":{"line":136,"column":12},"end":{"line":136,"column":13}},"loc":{"start":{"line":136,"column":22},"end":{"line":138,"column":13}},"line":136},"17":{"name":"(anonymous_17)","decl":{"start":{"line":139,"column":12},"end":{"line":139,"column":13}},"loc":{"start":{"line":139,"column":21},"end":{"line":143,"column":13}},"line":139},"18":{"name":"(anonymous_18)","decl":{"start":{"line":149,"column":17},"end":{"line":149,"column":18}},"loc":{"start":{"line":149,"column":23},"end":{"line":152,"column":3}},"line":149},"19":{"name":"(anonymous_19)","decl":{"start":{"line":154,"column":14},"end":{"line":154,"column":15}},"loc":{"start":{"line":154,"column":20},"end":{"line":157,"column":3}},"line":154},"20":{"name":"(anonymous_20)","decl":{"start":{"line":159,"column":2},"end":{"line":159,"column":3}},"loc":{"start":{"line":159,"column":11},"end":{"line":254,"column":3}},"line":159}},"branchMap":{"0":{"loc":{"start":{"line":31,"column":4},"end":{"line":36,"column":5}},"type":"if","locations":[{"start":{"line":31,"column":4},"end":{"line":36,"column":5}},{"start":{"line":31,"column":4},"end":{"line":36,"column":5}}],"line":31},"1":{"loc":{"start":{"line":49,"column":14},"end":{"line":49,"column":49}},"type":"cond-expr","locations":[{"start":{"line":49,"column":30},"end":{"line":49,"column":43}},{"start":{"line":49,"column":46},"end":{"line":49,"column":49}}],"line":49},"2":{"loc":{"start":{"line":73,"column":6},"end":{"line":77,"column":7}},"type":"if","locations":[{"start":{"line":73,"column":6},"end":{"line":77,"column":7}},{"start":{"line":73,"column":6},"end":{"line":77,"column":7}}],"line":73},"3":{"loc":{"start":{"line":113,"column":8},"end":{"line":145,"column":9}},"type":"if","locations":[{"start":{"line":113,"column":8},"end":{"line":145,"column":9}},{"start":{"line":113,"column":8},"end":{"line":145,"column":9}}],"line":113},"4":{"loc":{"start":{"line":150,"column":4},"end":{"line":150,"column":53}},"type":"binary-expr","locations":[{"start":{"line":150,"column":4},"end":{"line":150,"column":22}},{"start":{"line":150,"column":26},"end":{"line":150,"column":53}}],"line":150},"5":{"loc":{"start":{"line":162,"column":4},"end":{"line":189,"column":5}},"type":"if","locations":[{"start":{"line":162,"column":4},"end":{"line":189,"column":5}},{"start":{"line":162,"column":4},"end":{"line":189,"column":5}}],"line":162},"6":{"loc":{"start":{"line":191,"column":4},"end":{"line":252,"column":5}},"type":"if","locations":[{"start":{"line":191,"column":4},"end":{"line":252,"column":5}},{"start":{"line":191,"column":4},"end":{"line":252,"column":5}}],"line":191},"7":{"loc":{"start":{"line":227,"column":17},"end":{"line":227,"column":70}},"type":"cond-expr","locations":[{"start":{"line":227,"column":44},"end":{"line":227,"column":53}},{"start":{"line":227,"column":56},"end":{"line":227,"column":70}}],"line":227},"8":{"loc":{"start":{"line":233,"column":13},"end":{"line":233,"column":77}},"type":"cond-expr","locations":[{"start":{"line":233,"column":44},"end":{"line":233,"column":71}},{"start":{"line":233,"column":74},"end":{"line":233,"column":77}}],"line":233},"9":{"loc":{"start":{"line":237,"column":11},"end":{"line":252,"column":5}},"type":"if","locations":[{"start":{"line":237,"column":11},"end":{"line":252,"column":5}},{"start":{"line":237,"column":11},"end":{"line":252,"column":5}}],"line":237}},"s":{"0":1,"1":1,"2":0,"3":0,"4":1,"5":1,"6":1,"7":1,"8":1,"9":1,"10":1,"11":1,"12":0,"13":0,"14":0,"15":0,"16":4,"17":4,"18":0,"19":0,"20":0,"21":0,"22":3,"23":3,"24":1,"25":4,"26":0,"27":4,"28":0,"29":0,"30":0,"31":0,"32":0,"33":0,"34":0,"35":0,"36":0,"37":0,"38":0,"39":0,"40":0,"41":0,"42":0,"43":0,"44":2,"45":2,"46":1,"47":1,"48":8,"49":4,"50":8,"51":0,"52":8,"53":0,"54":8,"55":8,"56":2},"f":{"0":1,"1":1,"2":1,"3":1,"4":0,"5":0,"6":4,"7":3,"8":1,"9":4,"10":0,"11":0,"12":0,"13":0,"14":0,"15":0,"16":0,"17":0,"18":2,"19":1,"20":8},"b":{"0":[0,1],"1":[1,0],"2":[0,0],"3":[0,0],"4":[2,2],"5":[4,4],"6":[0,8],"7":[0,0],"8":[0,0],"9":[0,8]},"_coverageSchema":"332fd63041d2c1bcb487cc26dd0d5f7d97098a6c","hash":"008c32e2cc024041e4d23382b9c898e2a7120daa"}
,"C:\\webdev\\it2810proj3\\p3\\pimm\\Task.js": {"path":"C:\\webdev\\it2810proj3\\p3\\pimm\\Task.js","statementMap":{"0":{"start":{"line":13,"column":4},"end":{"line":13,"column":17}},"1":{"start":{"line":14,"column":4},"end":{"line":14,"column":29}},"2":{"start":{"line":15,"column":4},"end":{"line":15,"column":55}},"3":{"start":{"line":16,"column":4},"end":{"line":16,"column":37}},"4":{"start":{"line":27,"column":4},"end":{"line":33,"column":7}},"5":{"start":{"line":28,"column":17},"end":{"line":28,"column":35}},"6":{"start":{"line":29,"column":6},"end":{"line":29,"column":30}},"7":{"start":{"line":30,"column":6},"end":{"line":30,"column":64}},"8":{"start":{"line":32,"column":6},"end":{"line":32,"column":38}},"9":{"start":{"line":37,"column":4},"end":{"line":37,"column":43}},"10":{"start":{"line":38,"column":4},"end":{"line":38,"column":36}},"11":{"start":{"line":43,"column":4},"end":{"line":46,"column":6}},"12":{"start":{"line":50,"column":12},"end":{"line":50,"column":31}},"13":{"start":{"line":51,"column":4},"end":{"line":51,"column":34}},"14":{"start":{"line":56,"column":4},"end":{"line":116,"column":5}},"15":{"start":{"line":57,"column":6},"end":{"line":63,"column":8}},"16":{"start":{"line":65,"column":6},"end":{"line":115,"column":7}},"17":{"start":{"line":66,"column":8},"end":{"line":96,"column":10}},"18":{"start":{"line":98,"column":8},"end":{"line":114,"column":10}},"19":{"start":{"line":117,"column":4},"end":{"line":117,"column":20}},"20":{"start":{"line":122,"column":15},"end":{"line":164,"column":2}}},"fnMap":{"0":{"name":"(anonymous_0)","decl":{"start":{"line":12,"column":2},"end":{"line":12,"column":3}},"loc":{"start":{"line":12,"column":21},"end":{"line":17,"column":3}},"line":12},"1":{"name":"(anonymous_1)","decl":{"start":{"line":26,"column":25},"end":{"line":26,"column":26}},"loc":{"start":{"line":26,"column":31},"end":{"line":34,"column":3}},"line":26},"2":{"name":"(anonymous_2)","decl":{"start":{"line":27,"column":40},"end":{"line":27,"column":41}},"loc":{"start":{"line":27,"column":57},"end":{"line":31,"column":5}},"line":27},"3":{"name":"(anonymous_3)","decl":{"start":{"line":31,"column":12},"end":{"line":31,"column":13}},"loc":{"start":{"line":31,"column":18},"end":{"line":33,"column":5}},"line":31},"4":{"name":"(anonymous_4)","decl":{"start":{"line":36,"column":23},"end":{"line":36,"column":24}},"loc":{"start":{"line":36,"column":29},"end":{"line":39,"column":3}},"line":36},"5":{"name":"(anonymous_5)","decl":{"start":{"line":41,"column":21},"end":{"line":41,"column":22}},"loc":{"start":{"line":41,"column":27},"end":{"line":47,"column":3}},"line":41},"6":{"name":"(anonymous_6)","decl":{"start":{"line":49,"column":23},"end":{"line":49,"column":24}},"loc":{"start":{"line":49,"column":29},"end":{"line":52,"column":3}},"line":49},"7":{"name":"(anonymous_7)","decl":{"start":{"line":54,"column":2},"end":{"line":54,"column":3}},"loc":{"start":{"line":54,"column":11},"end":{"line":118,"column":3}},"line":54}},"branchMap":{"0":{"loc":{"start":{"line":56,"column":4},"end":{"line":116,"column":5}},"type":"if","locations":[{"start":{"line":56,"column":4},"end":{"line":116,"column":5}},{"start":{"line":56,"column":4},"end":{"line":116,"column":5}}],"line":56},"1":{"loc":{"start":{"line":65,"column":6},"end":{"line":115,"column":7}},"type":"if","locations":[{"start":{"line":65,"column":6},"end":{"line":115,"column":7}},{"start":{"line":65,"column":6},"end":{"line":115,"column":7}}],"line":65}},"s":{"0":2,"1":2,"2":2,"3":2,"4":0,"5":0,"6":0,"7":0,"8":0,"9":0,"10":0,"11":0,"12":0,"13":0,"14":2,"15":2,"16":0,"17":0,"18":0,"19":2,"20":5},"f":{"0":2,"1":0,"2":0,"3":0,"4":0,"5":0,"6":0,"7":2},"b":{"0":[2,0],"1":[0,0]},"_coverageSchema":"332fd63041d2c1bcb487cc26dd0d5f7d97098a6c","hash":"5a0e294ce653af3d5c1fcab2699b144922197c76"}
,"C:\\webdev\\it2810proj3\\p3\\pimm\\TasksCompleted.js": {"path":"C:\\webdev\\it2810proj3\\p3\\pimm\\TasksCompleted.js","statementMap":{"0":{"start":{"line":8,"column":4},"end":{"line":8,"column":17}},"1":{"start":{"line":9,"column":4},"end":{"line":9,"column":37}},"2":{"start":{"line":17,"column":18},"end":{"line":17,"column":20}},"3":{"start":{"line":18,"column":4},"end":{"line":38,"column":5}},"4":{"start":{"line":19,"column":6},"end":{"line":34,"column":9}},"5":{"start":{"line":20,"column":8},"end":{"line":33,"column":11}},"6":{"start":{"line":21,"column":10},"end":{"line":28,"column":13}},"7":{"start":{"line":22,"column":23},"end":{"line":22,"column":46}},"8":{"start":{"line":23,"column":12},"end":{"line":27,"column":13}},"9":{"start":{"line":24,"column":14},"end":{"line":26,"column":15}},"10":{"start":{"line":25,"column":16},"end":{"line":25,"column":35}},"11":{"start":{"line":30,"column":10},"end":{"line":32,"column":13}},"12":{"start":{"line":36,"column":6},"end":{"line":36,"column":25}},"13":{"start":{"line":37,"column":6},"end":{"line":37,"column":37}},"14":{"start":{"line":42,"column":4},"end":{"line":42,"column":25}},"15":{"start":{"line":46,"column":4},"end":{"line":46,"column":25}},"16":{"start":{"line":50,"column":4},"end":{"line":65,"column":6}},"17":{"start":{"line":57,"column":10},"end":{"line":62,"column":12}}},"fnMap":{"0":{"name":"(anonymous_0)","decl":{"start":{"line":7,"column":2},"end":{"line":7,"column":3}},"loc":{"start":{"line":7,"column":21},"end":{"line":10,"column":3}},"line":7},"1":{"name":"(anonymous_1)","decl":{"start":{"line":16,"column":18},"end":{"line":16,"column":19}},"loc":{"start":{"line":16,"column":30},"end":{"line":39,"column":3}},"line":16},"2":{"name":"(anonymous_2)","decl":{"start":{"line":19,"column":30},"end":{"line":19,"column":31}},"loc":{"start":{"line":19,"column":45},"end":{"line":34,"column":7}},"line":19},"3":{"name":"(anonymous_3)","decl":{"start":{"line":20,"column":36},"end":{"line":20,"column":37}},"loc":{"start":{"line":20,"column":53},"end":{"line":29,"column":9}},"line":20},"4":{"name":"(anonymous_4)","decl":{"start":{"line":21,"column":21},"end":{"line":21,"column":22}},"loc":{"start":{"line":21,"column":43},"end":{"line":28,"column":11}},"line":21},"5":{"name":"(anonymous_5)","decl":{"start":{"line":29,"column":16},"end":{"line":29,"column":17}},"loc":{"start":{"line":29,"column":22},"end":{"line":33,"column":9}},"line":29},"6":{"name":"(anonymous_6)","decl":{"start":{"line":41,"column":2},"end":{"line":41,"column":3}},"loc":{"start":{"line":41,"column":22},"end":{"line":43,"column":3}},"line":41},"7":{"name":"(anonymous_7)","decl":{"start":{"line":45,"column":2},"end":{"line":45,"column":3}},"loc":{"start":{"line":45,"column":16},"end":{"line":47,"column":3}},"line":45},"8":{"name":"(anonymous_8)","decl":{"start":{"line":49,"column":2},"end":{"line":49,"column":3}},"loc":{"start":{"line":49,"column":11},"end":{"line":66,"column":3}},"line":49},"9":{"name":"(anonymous_9)","decl":{"start":{"line":56,"column":35},"end":{"line":56,"column":36}},"loc":{"start":{"line":57,"column":10},"end":{"line":62,"column":12}},"line":57}},"branchMap":{"0":{"loc":{"start":{"line":23,"column":12},"end":{"line":27,"column":13}},"type":"if","locations":[{"start":{"line":23,"column":12},"end":{"line":27,"column":13}},{"start":{"line":23,"column":12},"end":{"line":27,"column":13}}],"line":23},"1":{"loc":{"start":{"line":24,"column":14},"end":{"line":26,"column":15}},"type":"if","locations":[{"start":{"line":24,"column":14},"end":{"line":26,"column":15}},{"start":{"line":24,"column":14},"end":{"line":26,"column":15}}],"line":24}},"s":{"0":3,"1":3,"2":3,"3":3,"4":3,"5":0,"6":0,"7":0,"8":0,"9":0,"10":0,"11":0,"12":0,"13":0,"14":3,"15":0,"16":3,"17":0},"f":{"0":3,"1":3,"2":0,"3":0,"4":0,"5":0,"6":3,"7":0,"8":3,"9":0},"b":{"0":[0,0],"1":[0,0]},"_coverageSchema":"332fd63041d2c1bcb487cc26dd0d5f7d97098a6c","hash":"306e3ac06049422f74a3923276e0a58ba20bec3c"}
,"C:\\webdev\\it2810proj3\\p3\\pimm\\TasksToDo.js": {"path":"C:\\webdev\\it2810proj3\\p3\\pimm\\TasksToDo.js","statementMap":{"0":{"start":{"line":8,"column":4},"end":{"line":8,"column":17}},"1":{"start":{"line":9,"column":4},"end":{"line":9,"column":37}},"2":{"start":{"line":18,"column":18},"end":{"line":18,"column":20}},"3":{"start":{"line":19,"column":4},"end":{"line":39,"column":5}},"4":{"start":{"line":20,"column":6},"end":{"line":35,"column":9}},"5":{"start":{"line":21,"column":8},"end":{"line":34,"column":11}},"6":{"start":{"line":22,"column":10},"end":{"line":29,"column":13}},"7":{"start":{"line":23,"column":23},"end":{"line":23,"column":46}},"8":{"start":{"line":24,"column":12},"end":{"line":28,"column":13}},"9":{"start":{"line":25,"column":14},"end":{"line":27,"column":15}},"10":{"start":{"line":26,"column":16},"end":{"line":26,"column":35}},"11":{"start":{"line":31,"column":10},"end":{"line":33,"column":13}},"12":{"start":{"line":37,"column":6},"end":{"line":37,"column":25}},"13":{"start":{"line":38,"column":6},"end":{"line":38,"column":37}},"14":{"start":{"line":43,"column":4},"end":{"line":43,"column":25}},"15":{"start":{"line":47,"column":4},"end":{"line":47,"column":25}},"16":{"start":{"line":51,"column":4},"end":{"line":66,"column":6}},"17":{"start":{"line":58,"column":10},"end":{"line":63,"column":12}}},"fnMap":{"0":{"name":"(anonymous_0)","decl":{"start":{"line":7,"column":2},"end":{"line":7,"column":3}},"loc":{"start":{"line":7,"column":21},"end":{"line":10,"column":3}},"line":7},"1":{"name":"(anonymous_1)","decl":{"start":{"line":17,"column":18},"end":{"line":17,"column":19}},"loc":{"start":{"line":17,"column":30},"end":{"line":40,"column":3}},"line":17},"2":{"name":"(anonymous_2)","decl":{"start":{"line":20,"column":30},"end":{"line":20,"column":31}},"loc":{"start":{"line":20,"column":45},"end":{"line":35,"column":7}},"line":20},"3":{"name":"(anonymous_3)","decl":{"start":{"line":21,"column":36},"end":{"line":21,"column":37}},"loc":{"start":{"line":21,"column":53},"end":{"line":30,"column":9}},"line":21},"4":{"name":"(anonymous_4)","decl":{"start":{"line":22,"column":21},"end":{"line":22,"column":22}},"loc":{"start":{"line":22,"column":43},"end":{"line":29,"column":11}},"line":22},"5":{"name":"(anonymous_5)","decl":{"start":{"line":30,"column":16},"end":{"line":30,"column":17}},"loc":{"start":{"line":30,"column":22},"end":{"line":34,"column":9}},"line":30},"6":{"name":"(anonymous_6)","decl":{"start":{"line":42,"column":2},"end":{"line":42,"column":3}},"loc":{"start":{"line":42,"column":22},"end":{"line":44,"column":3}},"line":42},"7":{"name":"(anonymous_7)","decl":{"start":{"line":46,"column":2},"end":{"line":46,"column":3}},"loc":{"start":{"line":46,"column":16},"end":{"line":48,"column":3}},"line":46},"8":{"name":"(anonymous_8)","decl":{"start":{"line":50,"column":2},"end":{"line":50,"column":3}},"loc":{"start":{"line":50,"column":11},"end":{"line":67,"column":3}},"line":50},"9":{"name":"(anonymous_9)","decl":{"start":{"line":57,"column":35},"end":{"line":57,"column":36}},"loc":{"start":{"line":58,"column":10},"end":{"line":63,"column":12}},"line":58}},"branchMap":{"0":{"loc":{"start":{"line":24,"column":12},"end":{"line":28,"column":13}},"type":"if","locations":[{"start":{"line":24,"column":12},"end":{"line":28,"column":13}},{"start":{"line":24,"column":12},"end":{"line":28,"column":13}}],"line":24},"1":{"loc":{"start":{"line":25,"column":14},"end":{"line":27,"column":15}},"type":"if","locations":[{"start":{"line":25,"column":14},"end":{"line":27,"column":15}},{"start":{"line":25,"column":14},"end":{"line":27,"column":15}}],"line":25}},"s":{"0":7,"1":7,"2":7,"3":7,"4":7,"5":0,"6":0,"7":0,"8":0,"9":0,"10":0,"11":0,"12":0,"13":0,"14":7,"15":0,"16":8,"17":0},"f":{"0":7,"1":7,"2":0,"3":0,"4":0,"5":0,"6":7,"7":0,"8":8,"9":0},"b":{"0":[0,0],"1":[0,0]},"_coverageSchema":"332fd63041d2c1bcb487cc26dd0d5f7d97098a6c","hash":"00986f2209dc80178ddef533439f5253f2b00fe5"}
,"C:\\webdev\\it2810proj3\\p3\\pimm\\assets\\accept.png": {"path":"C:\\webdev\\it2810proj3\\p3\\pimm\\assets\\accept.png","statementMap":{"0":{"start":{"line":1,"column":0},"end":{"line":1,"column":19}}},"fnMap":{},"branchMap":{},"s":{"0":2},"f":{},"b":{},"_coverageSchema":"332fd63041d2c1bcb487cc26dd0d5f7d97098a6c","hash":"48fe04031f266c71278ff5a0e287f26791154744"}
,"C:\\webdev\\it2810proj3\\p3\\pimm\\assets\\back.png": {"path":"C:\\webdev\\it2810proj3\\p3\\pimm\\assets\\back.png","statementMap":{"0":{"start":{"line":1,"column":0},"end":{"line":1,"column":19}}},"fnMap":{},"branchMap":{},"s":{"0":2},"f":{},"b":{},"_coverageSchema":"332fd63041d2c1bcb487cc26dd0d5f7d97098a6c","hash":"3d4dd69c61cc9e41423b55ef8b26c4f05f0db8e7"}
,"C:\\webdev\\it2810proj3\\p3\\pimm\\assets\\plus.png": {"path":"C:\\webdev\\it2810proj3\\p3\\pimm\\assets\\plus.png","statementMap":{"0":{"start":{"line":1,"column":0},"end":{"line":1,"column":19}}},"fnMap":{},"branchMap":{},"s":{"0":2},"f":{},"b":{},"_coverageSchema":"332fd63041d2c1bcb487cc26dd0d5f7d97098a6c","hash":"d1cfe064b24cb383f4c3ba8a8f9c40780f8afbc7"}
}
