{"C:\\Users\\Thomas\\Documents\\Skule\\Webutvikling\\it2810-webutvikling-h18-prosjekt-3-21\\p3\\pimm\\MockStorage.js": {"path":"C:\\Users\\Thomas\\Documents\\Skule\\Webutvikling\\it2810-webutvikling-h18-prosjekt-3-21\\p3\\pimm\\MockStorage.js","statementMap":{"0":{"start":{"line":3,"column":4},"end":{"line":3,"column":30}},"1":{"start":{"line":7,"column":4},"end":{"line":11,"column":7}},"2":{"start":{"line":8,"column":6},"end":{"line":10,"column":52}},"3":{"start":{"line":15,"column":4},"end":{"line":19,"column":7}},"4":{"start":{"line":16,"column":6},"end":{"line":18,"column":24}},"5":{"start":{"line":23,"column":4},"end":{"line":27,"column":7}},"6":{"start":{"line":24,"column":6},"end":{"line":26,"column":33}},"7":{"start":{"line":31,"column":4},"end":{"line":31,"column":79}},"8":{"start":{"line":31,"column":44},"end":{"line":31,"column":77}},"9":{"start":{"line":35,"column":4},"end":{"line":37,"column":6}},"10":{"start":{"line":36,"column":6},"end":{"line":36,"column":45}}},"fnMap":{"0":{"name":"(anonymous_0)","decl":{"start":{"line":2,"column":2},"end":{"line":2,"column":3}},"loc":{"start":{"line":2,"column":26},"end":{"line":4,"column":3}},"line":2},"1":{"name":"(anonymous_1)","decl":{"start":{"line":6,"column":20},"end":{"line":6,"column":21}},"loc":{"start":{"line":6,"column":36},"end":{"line":12,"column":3}},"line":6},"2":{"name":"(anonymous_2)","decl":{"start":{"line":7,"column":23},"end":{"line":7,"column":24}},"loc":{"start":{"line":7,"column":44},"end":{"line":11,"column":5}},"line":7},"3":{"name":"(anonymous_3)","decl":{"start":{"line":14,"column":20},"end":{"line":14,"column":21}},"loc":{"start":{"line":14,"column":27},"end":{"line":20,"column":3}},"line":14},"4":{"name":"(anonymous_4)","decl":{"start":{"line":15,"column":23},"end":{"line":15,"column":24}},"loc":{"start":{"line":15,"column":34},"end":{"line":19,"column":5}},"line":15},"5":{"name":"(anonymous_5)","decl":{"start":{"line":22,"column":23},"end":{"line":22,"column":24}},"loc":{"start":{"line":22,"column":30},"end":{"line":28,"column":3}},"line":22},"6":{"name":"(anonymous_6)","decl":{"start":{"line":23,"column":23},"end":{"line":23,"column":24}},"loc":{"start":{"line":23,"column":44},"end":{"line":27,"column":5}},"line":23},"7":{"name":"(anonymous_7)","decl":{"start":{"line":30,"column":18},"end":{"line":30,"column":19}},"loc":{"start":{"line":30,"column":25},"end":{"line":32,"column":3}},"line":30},"8":{"name":"(anonymous_8)","decl":{"start":{"line":31,"column":23},"end":{"line":31,"column":24}},"loc":{"start":{"line":31,"column":44},"end":{"line":31,"column":77}},"line":31},"9":{"name":"(anonymous_9)","decl":{"start":{"line":34,"column":23},"end":{"line":34,"column":24}},"loc":{"start":{"line":34,"column":30},"end":{"line":38,"column":3}},"line":34},"10":{"name":"(anonymous_10)","decl":{"start":{"line":35,"column":23},"end":{"line":35,"column":24}},"loc":{"start":{"line":36,"column":6},"end":{"line":36,"column":45}},"line":36}},"branchMap":{"0":{"loc":{"start":{"line":2,"column":14},"end":{"line":2,"column":24}},"type":"default-arg","locations":[{"start":{"line":2,"column":22},"end":{"line":2,"column":24}}],"line":2},"1":{"loc":{"start":{"line":8,"column":13},"end":{"line":10,"column":51}},"type":"cond-expr","locations":[{"start":{"line":9,"column":10},"end":{"line":9,"column":59}},{"start":{"line":10,"column":10},"end":{"line":10,"column":51}}],"line":8},"2":{"loc":{"start":{"line":8,"column":13},"end":{"line":8,"column":65}},"type":"binary-expr","locations":[{"start":{"line":8,"column":13},"end":{"line":8,"column":36}},{"start":{"line":8,"column":40},"end":{"line":8,"column":65}}],"line":8},"3":{"loc":{"start":{"line":16,"column":13},"end":{"line":18,"column":23}},"type":"cond-expr","locations":[{"start":{"line":17,"column":10},"end":{"line":17,"column":41}},{"start":{"line":18,"column":10},"end":{"line":18,"column":23}}],"line":16},"4":{"loc":{"start":{"line":24,"column":13},"end":{"line":26,"column":32}},"type":"cond-expr","locations":[{"start":{"line":25,"column":10},"end":{"line":25,"column":48}},{"start":{"line":26,"column":10},"end":{"line":26,"column":32}}],"line":24}},"s":{"0":3,"1":4,"2":4,"3":2,"4":2,"5":1,"6":1,"7":1,"8":1,"9":1,"10":1},"f":{"0":3,"1":4,"2":4,"3":2,"4":2,"5":1,"6":1,"7":1,"8":1,"9":1,"10":1},"b":{"0":[0],"1":[1,3],"2":[4,4],"3":[1,1],"4":[1,0]},"_coverageSchema":"332fd63041d2c1bcb487cc26dd0d5f7d97098a6c","hash":"e7ee301e8c4d74cb257862002d85cbe4675ea350"}
}
