TN:
SF:C:\Users\Thomas\Documents\Skule\Webutvikling\it2810-webutvikling-h18-prosjekt-3-21\p3\pimm\App.js
FN:7,(anonymous_0)
FN:13,(anonymous_1)
FN:16,(anonymous_2)
FN:20,(anonymous_3)
FNF:4
FNH:4
FNDA:2,(anonymous_0)
FNDA:2,(anonymous_1)
FNDA:2,(anonymous_2)
FNDA:6,(anonymous_3)
DA:8,2
DA:14,2
DA:17,2
DA:21,6
DA:22,4
DA:23,2
DA:24,2
DA:26,6
LF:8
LH:8
BRDA:21,0,0,4
BRDA:21,0,1,2
BRDA:23,1,0,2
BRDA:23,1,1,0
BRF:4
BRH:3
end_of_record
TN:
SF:C:\Users\Thomas\Documents\Skule\Webutvikling\it2810-webutvikling-h18-prosjekt-3-21\p3\pimm\EditTaskScreen.js
FN:13,(anonymous_0)
FN:20,(anonymous_1)
FN:37,(anonymous_2)
FN:43,(anonymous_3)
FN:71,(anonymous_4)
FNF:5
FNH:3
FNDA:2,(anonymous_0)
FNDA:2,(anonymous_1)
FNDA:0,(anonymous_2)
FNDA:0,(anonymous_3)
FNDA:1,(anonymous_4)
DA:14,2
DA:15,2
DA:16,2
DA:17,2
DA:21,2
DA:37,0
DA:44,0
DA:72,1
DA:76,2
LF:9
LH:7
BRF:0
BRH:0
end_of_record
TN:
SF:C:\Users\Thomas\Documents\Skule\Webutvikling\it2810-webutvikling-h18-prosjekt-3-21\p3\pimm\HomeScreen.js
FN:14,(anonymous_0)
FN:21,(anonymous_1)
FN:56,(anonymous_2)
FN:59,(anonymous_3)
FN:62,(anonymous_4)
FNF:5
FNH:3
FNDA:4,(anonymous_0)
FNDA:5,(anonymous_1)
FNDA:0,(anonymous_2)
FNDA:1,(anonymous_3)
FNDA:0,(anonymous_4)
DA:15,4
DA:16,4
DA:23,5
DA:24,4
DA:25,1
DA:26,1
DA:28,5
DA:57,0
DA:60,1
DA:63,0
DA:66,2
LF:11
LH:9
BRDA:23,0,0,4
BRDA:23,0,1,1
BRDA:25,1,0,1
BRDA:25,1,1,0
BRF:4
BRH:3
end_of_record
TN:
SF:C:\Users\Thomas\Documents\Skule\Webutvikling\it2810-webutvikling-h18-prosjekt-3-21\p3\pimm\Task.js
FN:6,(anonymous_0)
FN:18,(anonymous_1)
FN:22,(anonymous_2)
FN:26,(anonymous_3)
FN:30,(anonymous_4)
FN:35,(anonymous_5)
FNF:6
FNH:0
FNDA:0,(anonymous_0)
FNDA:0,(anonymous_1)
FNDA:0,(anonymous_2)
FNDA:0,(anonymous_3)
FNDA:0,(anonymous_4)
FNDA:0,(anonymous_5)
DA:7,0
DA:8,0
DA:9,0
DA:19,0
DA:23,0
DA:27,0
DA:31,0
DA:32,0
DA:37,0
DA:39,0
DA:47,0
DA:67,0
DA:73,2
LF:13
LH:1
BRDA:37,0,0,0
BRDA:37,0,1,0
BRF:2
BRH:0
end_of_record
TN:
SF:C:\Users\Thomas\Documents\Skule\Webutvikling\it2810-webutvikling-h18-prosjekt-3-21\p3\pimm\TasksCompleted.js
FN:8,(anonymous_0)
FNF:1
FNH:1
FNDA:1,(anonymous_0)
DA:9,1
LF:1
LH:1
BRF:0
BRH:0
end_of_record
TN:
SF:C:\Users\Thomas\Documents\Skule\Webutvikling\it2810-webutvikling-h18-prosjekt-3-21\p3\pimm\TasksToDo.js
FN:8,(anonymous_0)
FNF:1
FNH:1
FNDA:4,(anonymous_0)
DA:9,4
LF:1
LH:1
BRF:0
BRH:0
end_of_record
