TN:
SF:C:\Users\Thomas\Documents\Skule\Webutvikling\it2810-webutvikling-h18-prosjekt-3-21\p3\pimm\App.js
FN:8,(anonymous_0)
FN:14,(anonymous_1)
FN:17,(anonymous_2)
FN:20,(anonymous_3)
FN:27,(anonymous_4)
FN:31,(anonymous_5)
FN:51,(anonymous_6)
FN:67,(anonymous_7)
FNF:8
FNH:5
FNDA:1,(anonymous_0)
FNDA:1,(anonymous_1)
FNDA:2,(anonymous_2)
FNDA:0,(anonymous_3)
FNDA:2,(anonymous_4)
FNDA:6,(anonymous_5)
FNDA:0,(anonymous_6)
FNDA:0,(anonymous_7)
DA:9,1
DA:15,1
DA:18,2
DA:21,0
DA:24,0
DA:28,2
DA:32,6
DA:33,4
DA:34,2
DA:35,1
DA:36,1
DA:37,1
DA:40,6
DA:42,6
DA:51,0
DA:67,0
DA:84,1
LF:17
LH:13
BRDA:32,0,0,4
BRDA:32,0,1,2
BRDA:34,1,0,1
BRDA:34,1,1,1
BRDA:36,2,0,1
BRDA:36,2,1,0
BRDA:49,3,0,5
BRDA:49,3,1,1
BRDA:56,4,0,5
BRDA:56,4,1,1
BRDA:65,5,0,1
BRDA:65,5,1,5
BRDA:72,6,0,1
BRDA:72,6,1,5
BRF:14
BRH:13
end_of_record
TN:
SF:C:\Users\Thomas\Documents\Skule\Webutvikling\it2810-webutvikling-h18-prosjekt-3-21\p3\pimm\EditTaskScreen.js
FN:13,(anonymous_0)
FN:22,(anonymous_1)
FN:23,(anonymous_2)
FN:26,(anonymous_3)
FN:27,(anonymous_4)
FN:28,(anonymous_5)
FN:32,(anonymous_6)
FN:47,(anonymous_7)
FN:63,(anonymous_8)
FN:92,(anonymous_9)
FN:95,(anonymous_10)
FN:99,(anonymous_11)
FN:103,(anonymous_12)
FN:106,(anonymous_13)
FN:128,(anonymous_14)
FN:130,(anonymous_15)
FNF:16
FNH:5
FNDA:2,(anonymous_0)
FNDA:2,(anonymous_1)
FNDA:2,(anonymous_2)
FNDA:0,(anonymous_3)
FNDA:0,(anonymous_4)
FNDA:0,(anonymous_5)
FNDA:0,(anonymous_6)
FNDA:2,(anonymous_7)
FNDA:0,(anonymous_8)
FNDA:1,(anonymous_9)
FNDA:0,(anonymous_10)
FNDA:0,(anonymous_11)
FNDA:0,(anonymous_12)
FNDA:0,(anonymous_13)
FNDA:0,(anonymous_14)
FNDA:0,(anonymous_15)
DA:14,2
DA:15,2
DA:16,2
DA:17,2
DA:18,2
DA:19,2
DA:23,2
DA:24,2
DA:25,2
DA:26,2
DA:27,0
DA:28,0
DA:29,0
DA:33,0
DA:38,0
DA:39,0
DA:43,2
DA:48,2
DA:63,0
DA:93,1
DA:96,0
DA:101,0
DA:102,0
DA:104,0
DA:107,0
DA:108,0
DA:110,0
DA:111,0
DA:113,0
DA:114,0
DA:120,0
DA:126,0
DA:127,0
DA:130,0
DA:131,0
DA:135,0
DA:136,0
DA:142,2
LF:38
LH:14
BRDA:96,0,0,0
BRDA:96,0,1,0
BRDA:96,0,2,0
BRDA:107,1,0,0
BRDA:107,1,1,0
BRDA:113,2,0,0
BRDA:113,2,1,0
BRF:7
BRH:0
end_of_record
TN:
SF:C:\Users\Thomas\Documents\Skule\Webutvikling\it2810-webutvikling-h18-prosjekt-3-21\p3\pimm\HomeScreen.js
FN:8,(anonymous_0)
FN:18,(anonymous_1)
FN:22,(anonymous_2)
FN:95,(anonymous_3)
FN:98,(anonymous_4)
FN:101,(anonymous_5)
FNF:6
FNH:4
FNDA:5,(anonymous_0)
FNDA:0,(anonymous_1)
FNDA:8,(anonymous_2)
FNDA:1,(anonymous_3)
FNDA:1,(anonymous_4)
FNDA:0,(anonymous_5)
DA:9,5
DA:10,5
DA:19,0
DA:24,8
DA:25,7
DA:26,1
DA:27,1
DA:31,8
DA:32,7
DA:44,8
DA:96,1
DA:99,1
DA:102,0
DA:106,4
LF:14
LH:12
BRDA:24,0,0,7
BRDA:24,0,1,1
BRDA:26,1,0,1
BRDA:26,1,1,0
BRDA:31,2,0,7
BRDA:31,2,1,1
BRDA:50,3,0,7
BRDA:50,3,1,1
BRDA:59,4,0,7
BRDA:59,4,1,1
BRDA:71,5,0,1
BRDA:71,5,1,7
BRDA:80,6,0,1
BRDA:80,6,1,7
BRF:14
BRH:13
end_of_record
TN:
SF:C:\Users\Thomas\Documents\Skule\Webutvikling\it2810-webutvikling-h18-prosjekt-3-21\p3\pimm\MockStorage.js
FN:2,(anonymous_0)
FN:6,(anonymous_1)
FN:7,(anonymous_2)
FN:14,(anonymous_3)
FN:15,(anonymous_4)
FN:22,(anonymous_5)
FN:23,(anonymous_6)
FN:30,(anonymous_7)
FN:31,(anonymous_8)
FN:34,(anonymous_9)
FN:35,(anonymous_10)
FNF:11
FNH:11
FNDA:3,(anonymous_0)
FNDA:4,(anonymous_1)
FNDA:4,(anonymous_2)
FNDA:2,(anonymous_3)
FNDA:2,(anonymous_4)
FNDA:1,(anonymous_5)
FNDA:1,(anonymous_6)
FNDA:1,(anonymous_7)
FNDA:1,(anonymous_8)
FNDA:1,(anonymous_9)
FNDA:1,(anonymous_10)
DA:3,3
DA:7,4
DA:8,4
DA:15,2
DA:16,2
DA:23,1
DA:24,1
DA:31,1
DA:35,1
DA:36,1
LF:10
LH:10
BRDA:2,0,0,0
BRDA:8,1,0,1
BRDA:8,1,1,3
BRDA:8,2,0,4
BRDA:8,2,1,4
BRDA:16,3,0,1
BRDA:16,3,1,1
BRDA:24,4,0,1
BRDA:24,4,1,0
BRF:9
BRH:7
end_of_record
TN:
SF:C:\Users\Thomas\Documents\Skule\Webutvikling\it2810-webutvikling-h18-prosjekt-3-21\p3\pimm\PedoSensor.js
FN:23,(anonymous_0)
FN:30,(anonymous_1)
FN:41,(anonymous_2)
FN:47,(anonymous_3)
FN:53,(anonymous_4)
FN:58,(anonymous_5)
FN:70,(anonymous_6)
FN:83,(anonymous_7)
FN:88,(anonymous_8)
FN:92,(anonymous_9)
FN:93,(anonymous_10)
FN:101,(anonymous_11)
FN:106,(anonymous_12)
FN:112,(anonymous_13)
FN:121,(anonymous_14)
FN:124,(anonymous_15)
FN:136,(anonymous_16)
FN:139,(anonymous_17)
FN:149,(anonymous_18)
FN:154,(anonymous_19)
FN:159,(anonymous_20)
FNF:21
FNH:11
FNDA:1,(anonymous_0)
FNDA:1,(anonymous_1)
FNDA:1,(anonymous_2)
FNDA:1,(anonymous_3)
FNDA:0,(anonymous_4)
FNDA:0,(anonymous_5)
FNDA:4,(anonymous_6)
FNDA:3,(anonymous_7)
FNDA:1,(anonymous_8)
FNDA:4,(anonymous_9)
FNDA:0,(anonymous_10)
FNDA:0,(anonymous_11)
FNDA:0,(anonymous_12)
FNDA:0,(anonymous_13)
FNDA:0,(anonymous_14)
FNDA:0,(anonymous_15)
FNDA:0,(anonymous_16)
FNDA:0,(anonymous_17)
FNDA:2,(anonymous_18)
FNDA:1,(anonymous_19)
FNDA:8,(anonymous_20)
DA:24,1
DA:31,1
DA:32,0
DA:33,0
DA:35,1
DA:38,1
DA:42,1
DA:43,1
DA:44,1
DA:48,1
DA:49,1
DA:50,1
DA:54,0
DA:55,0
DA:59,0
DA:66,0
DA:71,4
DA:72,4
DA:73,0
DA:74,0
DA:76,0
DA:79,0
DA:84,3
DA:85,3
DA:89,1
DA:93,4
DA:94,0
DA:99,4
DA:102,0
DA:107,0
DA:113,0
DA:114,0
DA:116,0
DA:117,0
DA:118,0
DA:120,0
DA:122,0
DA:125,0
DA:131,0
DA:132,0
DA:133,0
DA:135,0
DA:137,0
DA:140,0
DA:150,2
DA:151,2
DA:155,1
DA:156,1
DA:162,8
DA:163,4
DA:191,8
DA:192,0
DA:237,8
DA:238,0
DA:251,8
DA:253,8
DA:258,2
LF:57
LH:28
BRDA:31,0,0,0
BRDA:31,0,1,1
BRDA:49,1,0,1
BRDA:49,1,1,0
BRDA:73,2,0,0
BRDA:73,2,1,0
BRDA:113,3,0,0
BRDA:113,3,1,0
BRDA:150,4,0,2
BRDA:150,4,1,2
BRDA:162,5,0,4
BRDA:162,5,1,4
BRDA:191,6,0,0
BRDA:191,6,1,8
BRDA:227,7,0,0
BRDA:227,7,1,0
BRDA:233,8,0,0
BRDA:233,8,1,0
BRDA:237,9,0,0
BRDA:237,9,1,8
BRF:20
BRH:8
end_of_record
TN:
SF:C:\Users\Thomas\Documents\Skule\Webutvikling\it2810-webutvikling-h18-prosjekt-3-21\p3\pimm\Task.js
FN:12,(anonymous_0)
FN:26,(anonymous_1)
FN:27,(anonymous_2)
FN:31,(anonymous_3)
FN:36,(anonymous_4)
FN:41,(anonymous_5)
FN:49,(anonymous_6)
FN:54,(anonymous_7)
FNF:8
FNH:2
FNDA:2,(anonymous_0)
FNDA:0,(anonymous_1)
FNDA:0,(anonymous_2)
FNDA:0,(anonymous_3)
FNDA:0,(anonymous_4)
FNDA:0,(anonymous_5)
FNDA:0,(anonymous_6)
FNDA:2,(anonymous_7)
DA:13,2
DA:14,2
DA:15,2
DA:16,2
DA:27,0
DA:28,0
DA:29,0
DA:30,0
DA:32,0
DA:37,0
DA:38,0
DA:43,0
DA:50,0
DA:51,0
DA:56,2
DA:57,2
DA:65,0
DA:66,0
DA:98,0
DA:117,2
DA:122,5
LF:21
LH:8
BRDA:56,0,0,2
BRDA:56,0,1,0
BRDA:65,1,0,0
BRDA:65,1,1,0
BRF:4
BRH:1
end_of_record
TN:
SF:C:\Users\Thomas\Documents\Skule\Webutvikling\it2810-webutvikling-h18-prosjekt-3-21\p3\pimm\TasksCompleted.js
FN:7,(anonymous_0)
FN:16,(anonymous_1)
FN:19,(anonymous_2)
FN:20,(anonymous_3)
FN:21,(anonymous_4)
FN:29,(anonymous_5)
FN:41,(anonymous_6)
FN:45,(anonymous_7)
FN:49,(anonymous_8)
FN:56,(anonymous_9)
FNF:10
FNH:4
FNDA:3,(anonymous_0)
FNDA:3,(anonymous_1)
FNDA:0,(anonymous_2)
FNDA:0,(anonymous_3)
FNDA:0,(anonymous_4)
FNDA:0,(anonymous_5)
FNDA:3,(anonymous_6)
FNDA:0,(anonymous_7)
FNDA:3,(anonymous_8)
FNDA:0,(anonymous_9)
DA:8,3
DA:9,3
DA:17,3
DA:18,3
DA:19,3
DA:20,0
DA:21,0
DA:22,0
DA:23,0
DA:24,0
DA:25,0
DA:30,0
DA:36,0
DA:37,0
DA:42,3
DA:46,0
DA:50,3
DA:57,0
LF:18
LH:7
BRDA:23,0,0,0
BRDA:23,0,1,0
BRDA:24,1,0,0
BRDA:24,1,1,0
BRF:4
BRH:0
end_of_record
TN:
SF:C:\Users\Thomas\Documents\Skule\Webutvikling\it2810-webutvikling-h18-prosjekt-3-21\p3\pimm\TasksToDo.js
FN:7,(anonymous_0)
FN:17,(anonymous_1)
FN:20,(anonymous_2)
FN:21,(anonymous_3)
FN:22,(anonymous_4)
FN:30,(anonymous_5)
FN:42,(anonymous_6)
FN:46,(anonymous_7)
FN:50,(anonymous_8)
FN:57,(anonymous_9)
FNF:10
FNH:4
FNDA:7,(anonymous_0)
FNDA:7,(anonymous_1)
FNDA:0,(anonymous_2)
FNDA:0,(anonymous_3)
FNDA:0,(anonymous_4)
FNDA:0,(anonymous_5)
FNDA:7,(anonymous_6)
FNDA:0,(anonymous_7)
FNDA:8,(anonymous_8)
FNDA:0,(anonymous_9)
DA:8,7
DA:9,7
DA:18,7
DA:19,7
DA:20,7
DA:21,0
DA:22,0
DA:23,0
DA:24,0
DA:25,0
DA:26,0
DA:31,0
DA:37,0
DA:38,0
DA:43,7
DA:47,0
DA:51,8
DA:58,0
LF:18
LH:7
BRDA:24,0,0,0
BRDA:24,0,1,0
BRDA:25,1,0,0
BRDA:25,1,1,0
BRF:4
BRH:0
end_of_record
TN:
SF:C:\Users\Thomas\Documents\Skule\Webutvikling\it2810-webutvikling-h18-prosjekt-3-21\p3\pimm\assets\accept.png
FNF:0
FNH:0
DA:1,2
LF:1
LH:1
BRF:0
BRH:0
end_of_record
TN:
SF:C:\Users\Thomas\Documents\Skule\Webutvikling\it2810-webutvikling-h18-prosjekt-3-21\p3\pimm\assets\back.png
FNF:0
FNH:0
DA:1,2
LF:1
LH:1
BRF:0
BRH:0
end_of_record
TN:
SF:C:\Users\Thomas\Documents\Skule\Webutvikling\it2810-webutvikling-h18-prosjekt-3-21\p3\pimm\assets\plus.png
FNF:0
FNH:0
DA:1,2
LF:1
LH:1
BRF:0
BRH:0
end_of_record
